<?xml version="1.0" encoding="UTF-8" ?>
<testsuite tests="21" failures="0" name="runners.TestSuiteRunner" time="26.025" errors="0" skipped="0">
  <properties>
    <property name="java.runtime.name" value="Java(TM) SE Runtime Environment"/>
    <property name="sun.boot.library.path" value="C:\Program Files\Java\jdk1.8.0_241\jre\bin"/>
    <property name="java.vm.version" value="25.241-b07"/>
    <property name="java.vm.vendor" value="Oracle Corporation"/>
    <property name="maven.multiModuleProjectDirectory" value="C:\Users\ACER\IdeaProjects\SynechronTesting"/>
    <property name="java.vendor.url" value="http://java.oracle.com/"/>
    <property name="path.separator" value=";"/>
    <property name="guice.disable.misplaced.annotation.check" value="true"/>
    <property name="java.vm.name" value="Java HotSpot(TM) 64-Bit Server VM"/>
    <property name="file.encoding.pkg" value="sun.io"/>
    <property name="user.script" value=""/>
    <property name="user.country" value="HK"/>
    <property name="sun.java.launcher" value="SUN_STANDARD"/>
    <property name="sun.os.patch.level" value=""/>
    <property name="java.vm.specification.name" value="Java Virtual Machine Specification"/>
    <property name="user.dir" value="C:\Users\ACER\IdeaProjects\SynechronTesting"/>
    <property name="java.runtime.version" value="1.8.0_241-b07"/>
    <property name="java.awt.graphicsenv" value="sun.awt.Win32GraphicsEnvironment"/>
    <property name="java.endorsed.dirs" value="C:\Program Files\Java\jdk1.8.0_241\jre\lib\endorsed"/>
    <property name="os.arch" value="amd64"/>
    <property name="java.io.tmpdir" value="C:\Users\ACER\AppData\Local\Temp\"/>
    <property name="line.separator" value="
"/>
    <property name="java.vm.specification.vendor" value="Oracle Corporation"/>
    <property name="user.variant" value=""/>
    <property name="os.name" value="Windows 10"/>
    <property name="classworlds.conf" value="C:\Users\ACER\Downloads\Softwares\apache-maven-3.6.3\bin\..\bin\m2.conf"/>
    <property name="sun.jnu.encoding" value="Cp1252"/>
    <property name="java.library.path" value="C:\Program Files\Java\jdk1.8.0_241\bin;C:\WINDOWS\Sun\Java\bin;C:\WINDOWS\system32;C:\WINDOWS;C:\Program Files (x86)\Common Files\Oracle\Java\javapath;C:\WINDOWS\system32;C:\WINDOWS;C:\WINDOWS\System32\Wbem;C:\WINDOWS\System32\WindowsPowerShell\v1.0\;C:\WINDOWS\System32\OpenSSH\;C:\Program Files\Java\jdk1.8.0_241\bin;C:\Users\ACER\Downloads\Softwares\apache-maven-3.6.3\bin;C:\Users\ACER\AppData\Local\Programs\Python\Python38-32\Scripts\;C:\Users\ACER\AppData\Local\Programs\Python\Python38-32\;C:\Users\ACER\AppData\Local\Microsoft\WindowsApps;;."/>
    <property name="maven.conf" value="C:\Users\ACER\Downloads\Softwares\apache-maven-3.6.3\bin\../conf"/>
    <property name="java.specification.name" value="Java Platform API Specification"/>
    <property name="java.class.version" value="52.0"/>
    <property name="sun.management.compiler" value="HotSpot 64-Bit Tiered Compilers"/>
    <property name="os.version" value="10.0"/>
    <property name="library.jansi.path" value="C:\Users\ACER\Downloads\Softwares\apache-maven-3.6.3\bin\..\lib\jansi-native"/>
    <property name="user.home" value="C:\Users\ACER"/>
    <property name="user.timezone" value="Asia/Calcutta"/>
    <property name="java.awt.printerjob" value="sun.awt.windows.WPrinterJob"/>
    <property name="java.specification.version" value="1.8"/>
    <property name="file.encoding" value="Cp1252"/>
    <property name="user.name" value="ACER"/>
    <property name="java.class.path" value="C:\Users\ACER\Downloads\Softwares\apache-maven-3.6.3\bin\..\boot\plexus-classworlds-2.6.0.jar"/>
    <property name="java.vm.specification.version" value="1.8"/>
    <property name="sun.arch.data.model" value="64"/>
    <property name="java.home" value="C:\Program Files\Java\jdk1.8.0_241\jre"/>
    <property name="sun.java.command" value="org.codehaus.plexus.classworlds.launcher.Launcher verify"/>
    <property name="java.specification.vendor" value="Oracle Corporation"/>
    <property name="user.language" value="en"/>
    <property name="awt.toolkit" value="sun.awt.windows.WToolkit"/>
    <property name="java.vm.info" value="mixed mode"/>
    <property name="java.version" value="1.8.0_241"/>
    <property name="java.ext.dirs" value="C:\Program Files\Java\jdk1.8.0_241\jre\lib\ext;C:\WINDOWS\Sun\Java\lib\ext"/>
    <property name="sun.boot.class.path" value="C:\Program Files\Java\jdk1.8.0_241\jre\lib\resources.jar;C:\Program Files\Java\jdk1.8.0_241\jre\lib\rt.jar;C:\Program Files\Java\jdk1.8.0_241\jre\lib\sunrsasign.jar;C:\Program Files\Java\jdk1.8.0_241\jre\lib\jsse.jar;C:\Program Files\Java\jdk1.8.0_241\jre\lib\jce.jar;C:\Program Files\Java\jdk1.8.0_241\jre\lib\charsets.jar;C:\Program Files\Java\jdk1.8.0_241\jre\lib\jfr.jar;C:\Program Files\Java\jdk1.8.0_241\jre\classes"/>
    <property name="sun.stderr.encoding" value="cp437"/>
    <property name="java.vendor" value="Oracle Corporation"/>
    <property name="maven.home" value="C:\Users\ACER\Downloads\Softwares\apache-maven-3.6.3\bin\.."/>
    <property name="file.separator" value="\"/>
    <property name="java.vendor.url.bug" value="http://bugreport.sun.com/bugreport/"/>
    <property name="sun.cpu.endian" value="little"/>
    <property name="sun.io.unicode.encoding" value="UnicodeLittle"/>
    <property name="sun.stdout.encoding" value="cp437"/>
    <property name="sun.desktop" value="windows"/>
    <property name="sun.cpu.isalist" value="amd64"/>
  </properties>
  <testcase classname="Rates API Test Scenarios" name="Get Latest Foreign Exchange rates with default base currency" time="4.977"/>
  <testcase classname="Rates API Test Scenarios" name="Get Latest Foreign Exchange rates with default base currency" time="1.58"/>
  <testcase classname="Rates API Test Scenarios" name="Get Latest Foreign Exchange rates with invalid url" time="0.985"/>
  <testcase classname="Rates API Test Scenarios" name="Get Past Foreign Exchange rates with default base currency" time="1.078"/>
  <testcase classname="Rates API Test Scenarios" name="Get Past Foreign Exchange rates with default base currency" time="1.052"/>
  <testcase classname="Rates API Test Scenarios" name="Get future dated foreign exchange rates with default base currency" time="1.157"/>
  <testcase classname="Rates API Test Scenarios" name="Get exchange rate for historic dates before the year 1999" time="0.947"/>
  <testcase classname="Rates API Test Scenarios" name="Get Latest Foreign Exchange rates with default currency and currency code filter" time="0.724"/>
  <testcase classname="Rates API Test Scenarios" name="Get Latest Foreign Exchange rates with user provided base currency" time="0.792"/>
  <testcase classname="Rates API Test Scenarios" name="Get Latest Foreign Exchange rates with user provided base currency and currency code filter" time="0.772"/>
  <testcase classname="Rates API Test Scenarios" name="Get Past Foreign Exchange rates with default currency and currency code filter" time="0.888"/>
  <testcase classname="Rates API Test Scenarios" name="Get Past Foreign Exchange rates with user provided base currency" time="2.906"/>
  <testcase classname="Rates API Test Scenarios" name="Get Past Foreign Exchange rates with user provided base currency and currency codes" time="0.558"/>
  <testcase classname="Rates API Test Scenarios" name="Get Latest Foreign Exchange rates with default currency and invalid currency code filter" time="0.883"/>
  <testcase classname="Rates API Test Scenarios" name="Get Latest Foreign Exchange rates with invalid base currency" time="0.921"/>
  <testcase classname="Rates API Test Scenarios" name="Get Latest Foreign Exchange rates with invalid base currency and invalid currency code filter" time="0.982"/>
  <testcase classname="Rates API Test Scenarios" name="Get Latest Foreign Exchange rates with invalid base currency and invalid currency code filter" time="1.076"/>
  <testcase classname="Rates API Test Scenarios" name="Get Past Foreign Exchange rates with default currency and invalid currency code filter" time="0.917"/>
  <testcase classname="Rates API Test Scenarios" name="Get Past Foreign Exchange rates with invalid base currency" time="0.953"/>
  <testcase classname="Rates API Test Scenarios" name="Get Past Foreign Exchange rates with invalid base currency and invalid currency codes" time="0.994"/>
  <testcase classname="Rates API Test Scenarios" name="Get Past Foreign Exchange rates with invalid base currency and invalid currency codes" time="0.883"/>
</testsuite>